build/app/intermediates/manifest_merge_blame_file/release/manifest-merger-blame-release-report.txt
1<?xml version="1.0" encoding="utf-8"?>
2<manifest xmlns:android="http://schemas.android.com/apk/res/android"
3    package="com.flutter.cloud_behavior_capture"
4    android:versionCode="3"
5    android:versionName="1.1.0" >
6
7    <uses-sdk
8        android:minSdkVersion="21"
8-->src/main/AndroidManifest.xml
9        android:targetSdkVersion="29" />
9-->src/main/AndroidManifest.xml
10    <!--
11         io.flutter.app.FlutterApplication is an android.app.Application that
12         calls FlutterMain.startInitialization(this); in its onCreate method.
13         In most cases you can leave this as-is, but you if you want to provide
14         additional functionality it is fine to subclass or reimplement
15         FlutterApplication and put your custom class here.
16    -->
17    <uses-permission android:name="android.permission.INTERNET" />
17-->src/main/AndroidManifest.xml:8:9-87
17-->src/main/AndroidManifest.xml:8:26-68
18    <uses-permission android:name="android.permission.ACCESS_COARSE_LOCATION" />
18-->[:location] AndroidManifest.xml:7:5-81
18-->[:location] AndroidManifest.xml:7:22-78
19    <uses-permission android:name="android.permission.ACCESS_FINE_LOCATION" />
19-->[:location] AndroidManifest.xml:8:5-79
19-->[:location] AndroidManifest.xml:8:22-76
20    <uses-permission android:name="android.permission.CAMERA" />
20-->[:camera] AndroidManifest.xml:7:5-65
20-->[:camera] AndroidManifest.xml:7:22-62
21    <uses-permission android:name="android.permission.RECORD_AUDIO" />
21-->[:camera] AndroidManifest.xml:8:5-71
21-->[:camera] AndroidManifest.xml:8:22-68
22    <uses-permission android:name="android.permission.WRITE_EXTERNAL_STORAGE" />
22-->[com.amplifyframework:aws-storage-s3:1.16.13] AndroidManifest.xml:25:5-81
22-->[com.amplifyframework:aws-storage-s3:1.16.13] AndroidManifest.xml:25:22-78
23    <uses-permission android:name="android.permission.ACCESS_NETWORK_STATE" /> <!-- Permission will be merged into the manifest of the hosting app. -->
23-->[com.amazonaws:aws-android-sdk-mobile-client:2.22.1] AndroidManifest.xml:19:5-79
23-->[com.amazonaws:aws-android-sdk-mobile-client:2.22.1] AndroidManifest.xml:19:22-76
24    <!-- Is required to launch foreground extraction service for targetSdkVersion 28+. -->
25    <uses-permission android:name="android.permission.FOREGROUND_SERVICE" />
25-->[com.google.android.play:core:1.7.2] AndroidManifest.xml:8:3-74
25-->[com.google.android.play:core:1.7.2] AndroidManifest.xml:8:20-72
26
27    <application
27-->src/main/AndroidManifest.xml:9:5-41:19
28        android:name="io.flutter.app.FlutterApplication"
28-->src/main/AndroidManifest.xml:10:9-57
29        android:appComponentFactory="androidx.core.app.CoreComponentFactory"
29-->[androidx.core:core:1.3.2] AndroidManifest.xml:24:18-86
30        android:icon="@mipmap/launcher_icon"
30-->src/main/AndroidManifest.xml:12:9-45
31        android:label="VideoTagged" >
31-->src/main/AndroidManifest.xml:11:9-36
32        <activity
32-->src/main/AndroidManifest.xml:13:9-24:20
33            android:name="com.example.camera_app.MainActivity"
33-->src/main/AndroidManifest.xml:14:13-41
34            android:configChanges="orientation|keyboardHidden|keyboard|screenSize|smallestScreenSize|locale|layoutDirection|fontScale|screenLayout|density|uiMode"
34-->src/main/AndroidManifest.xml:17:13-163
35            android:hardwareAccelerated="true"
35-->src/main/AndroidManifest.xml:18:13-47
36            android:launchMode="singleTop"
36-->src/main/AndroidManifest.xml:15:13-43
37            android:theme="@style/LaunchTheme"
37-->src/main/AndroidManifest.xml:16:13-47
38            android:windowSoftInputMode="adjustResize" >
38-->src/main/AndroidManifest.xml:19:13-55
39            <intent-filter>
39-->src/main/AndroidManifest.xml:20:13-23:29
40                <action android:name="android.intent.action.MAIN" />
40-->src/main/AndroidManifest.xml:21:17-68
40-->src/main/AndroidManifest.xml:21:25-66
41
42                <category android:name="android.intent.category.LAUNCHER" />
42-->src/main/AndroidManifest.xml:22:17-76
42-->src/main/AndroidManifest.xml:22:27-74
43            </intent-filter>
44        </activity>
45        <activity android:name="com.amazonaws.mobileconnectors.cognitoauth.activities.CustomTabsRedirectActivity" >
45-->src/main/AndroidManifest.xml:25:9-35:20
45-->src/main/AndroidManifest.xml:26:13-108
46            <intent-filter>
46-->src/main/AndroidManifest.xml:27:13-34:29
47                <action android:name="android.intent.action.VIEW" />
47-->src/main/AndroidManifest.xml:28:17-69
47-->src/main/AndroidManifest.xml:28:25-66
48
49                <category android:name="android.intent.category.DEFAULT" />
49-->src/main/AndroidManifest.xml:30:17-76
49-->src/main/AndroidManifest.xml:30:27-73
50                <category android:name="android.intent.category.BROWSABLE" />
50-->src/main/AndroidManifest.xml:31:17-78
50-->src/main/AndroidManifest.xml:31:27-75
51
52                <data android:scheme="cameraapp" />
52-->src/main/AndroidManifest.xml:33:17-52
52-->src/main/AndroidManifest.xml:33:23-49
53            </intent-filter>
54        </activity>
55        <!--
56             Don't delete the meta-data below.
57             This is used by the Flutter tool to generate GeneratedPluginRegistrant.java
58        -->
59        <meta-data
59-->src/main/AndroidManifest.xml:38:9-40:33
60            android:name="flutterEmbedding"
60-->src/main/AndroidManifest.xml:39:13-44
61            android:value="2" />
61-->src/main/AndroidManifest.xml:40:13-30
62
63        <provider
63-->[:esys_flutter_share] AndroidManifest.xml:8:9-16:20
64            android:name="de.esys.esysfluttershare.EsysFlutterShareFileProvider"
64-->[:esys_flutter_share] AndroidManifest.xml:9:13-81
65            android:authorities="com.flutter.cloud_behavior_capture.fileprovider.github.com/orgs/esysberlin/esys-flutter-share"
65-->[:esys_flutter_share] AndroidManifest.xml:10:13-110
66            android:exported="false"
66-->[:esys_flutter_share] AndroidManifest.xml:11:13-37
67            android:grantUriPermissions="true" >
67-->[:esys_flutter_share] AndroidManifest.xml:12:13-47
68            <meta-data
68-->[:esys_flutter_share] AndroidManifest.xml:13:13-15:72
69                android:name="android.support.FILE_PROVIDER_PATHS"
69-->[:esys_flutter_share] AndroidManifest.xml:14:17-67
70                android:resource="@xml/esys_flutter_share_filepaths" />
70-->[:esys_flutter_share] AndroidManifest.xml:15:17-69
71        </provider>
72
73        <service
73-->[com.amplifyframework:aws-storage-s3:1.16.13] AndroidManifest.xml:28:9-30:38
74            android:name="com.amazonaws.mobileconnectors.s3.transferutility.TransferService"
74-->[com.amplifyframework:aws-storage-s3:1.16.13] AndroidManifest.xml:29:13-93
75            android:enabled="true" />
75-->[com.amplifyframework:aws-storage-s3:1.16.13] AndroidManifest.xml:30:13-35
76
77        <activity
77-->[com.amplifyframework:core:1.16.13] AndroidManifest.xml:28:9-30:54
78            android:name="com.amplifyframework.devmenu.DeveloperMenuActivity"
78-->[com.amplifyframework:core:1.16.13] AndroidManifest.xml:29:13-78
79            android:theme="@style/OverlayActivity" />
79-->[com.amplifyframework:core:1.16.13] AndroidManifest.xml:30:13-51
80        <activity
80-->[com.amazonaws:aws-android-sdk-cognitoauth:2.22.1] AndroidManifest.xml:13:9-17:75
81            android:name="com.amazonaws.mobileconnectors.cognitoauth.activities.CustomTabsManagerActivity"
81-->[com.amazonaws:aws-android-sdk-cognitoauth:2.22.1] AndroidManifest.xml:14:13-107
82            android:exported="false"
82-->[com.amazonaws:aws-android-sdk-cognitoauth:2.22.1] AndroidManifest.xml:15:13-37
83            android:launchMode="singleTask"
83-->[com.amazonaws:aws-android-sdk-cognitoauth:2.22.1] AndroidManifest.xml:16:13-44
84            android:theme="@android:style/Theme.Translucent.NoTitleBar" />
84-->[com.amazonaws:aws-android-sdk-cognitoauth:2.22.1] AndroidManifest.xml:17:13-72
85
86        <uses-library
86-->[com.amazonaws:aws-android-sdk-core:2.22.1] AndroidManifest.xml:12:9-14:40
87            android:name="org.apache.http.legacy"
87-->[com.amazonaws:aws-android-sdk-core:2.22.1] AndroidManifest.xml:13:13-50
88            android:required="false" />
88-->[com.amazonaws:aws-android-sdk-core:2.22.1] AndroidManifest.xml:14:13-37
89
90        <activity
90-->[com.google.android.gms:play-services-base:16.0.1] AndroidManifest.xml:23:9-26:75
91            android:name="com.google.android.gms.common.api.GoogleApiActivity"
91-->[com.google.android.gms:play-services-base:16.0.1] AndroidManifest.xml:24:13-79
92            android:exported="false"
92-->[com.google.android.gms:play-services-base:16.0.1] AndroidManifest.xml:25:13-37
93            android:theme="@android:style/Theme.Translucent.NoTitleBar" />
93-->[com.google.android.gms:play-services-base:16.0.1] AndroidManifest.xml:26:13-72
94
95        <meta-data
95-->[com.google.android.gms:play-services-basement:16.0.1] AndroidManifest.xml:23:9-25:69
96            android:name="com.google.android.gms.version"
96-->[com.google.android.gms:play-services-basement:16.0.1] AndroidManifest.xml:24:13-58
97            android:value="@integer/google_play_services_version" /> <!-- The activities will be merged into the manifest of the hosting app. -->
97-->[com.google.android.gms:play-services-basement:16.0.1] AndroidManifest.xml:25:13-66
98        <activity
98-->[com.google.android.play:core:1.7.2] AndroidManifest.xml:12:5-271
99            android:name="com.google.android.play.core.missingsplits.PlayCoreMissingSplitsActivity"
99-->[com.google.android.play:core:1.7.2] AndroidManifest.xml:12:15-102
100            android:enabled="false"
100-->[com.google.android.play:core:1.7.2] AndroidManifest.xml:12:103-126
101            android:exported="false"
101-->[com.google.android.play:core:1.7.2] AndroidManifest.xml:12:127-151
102            android:launchMode="singleInstance"
102-->[com.google.android.play:core:1.7.2] AndroidManifest.xml:12:204-239
103            android:process=":playcore_missing_splits_activity"
103-->[com.google.android.play:core:1.7.2] AndroidManifest.xml:12:152-203
104            android:stateNotNeeded="true" />
104-->[com.google.android.play:core:1.7.2] AndroidManifest.xml:12:240-269
105        <activity
105-->[com.google.android.play:core:1.7.2] AndroidManifest.xml:13:5-226
106            android:name="com.google.android.play.core.common.PlayCoreDialogWrapperActivity"
106-->[com.google.android.play:core:1.7.2] AndroidManifest.xml:13:15-95
107            android:enabled="false"
107-->[com.google.android.play:core:1.7.2] AndroidManifest.xml:13:96-119
108            android:exported="false"
108-->[com.google.android.play:core:1.7.2] AndroidManifest.xml:13:120-144
109            android:stateNotNeeded="true"
109-->[com.google.android.play:core:1.7.2] AndroidManifest.xml:13:145-174
110            android:theme="@style/Theme.PlayCore.Transparent" /> <!-- The service will be merged into the manifest of the hosting app. -->
110-->[com.google.android.play:core:1.7.2] AndroidManifest.xml:13:175-224
111        <service
111-->[com.google.android.play:core:1.7.2] AndroidManifest.xml:16:5-145
112            android:name="com.google.android.play.core.assetpacks.AssetPackExtractionService"
112-->[com.google.android.play:core:1.7.2] AndroidManifest.xml:16:14-95
113            android:enabled="false"
113-->[com.google.android.play:core:1.7.2] AndroidManifest.xml:16:96-119
114            android:exported="true" />
114-->[com.google.android.play:core:1.7.2] AndroidManifest.xml:16:120-143
115    </application>
116
117</manifest>